0 info it worked if it ends with ok
1 verbose cli [ '/usr/local/bin/node',
1 verbose cli   '/usr/local/bin/npm',
1 verbose cli   'i',
1 verbose cli   'dt~assert',
1 verbose cli   '--global' ]
2 info using npm@3.10.3
3 info using node@v6.3.1
4 silly loadCurrentTree Starting
5 silly install loadCurrentTree
6 silly install readGlobalPackageData
7 silly fetchPackageMetaData dt~assert
8 silly fetchOtherPackageData dt~assert
9 silly cache add args [ 'dt~assert', null ]
10 verbose cache add spec dt~assert
11 silly cache add parsed spec Result {
11 silly cache add   raw: 'dt~assert',
11 silly cache add   scope: null,
11 silly cache add   escapedName: null,
11 silly cache add   name: null,
11 silly cache add   rawSpec: 'dt~assert',
11 silly cache add   spec: '/Users/tomi/Github/packages/apollo-module-authentication/src/dt~assert',
11 silly cache add   type: 'local' }
12 error addLocal Could not install /Users/tomi/Github/packages/apollo-module-authentication/src/dt~assert
13 silly fetchPackageMetaData Error: ENOENT: no such file or directory, open '/Users/tomi/Github/packages/apollo-module-authentication/src/dt~assert'
13 silly fetchPackageMetaData     at Error (native)
13 silly fetchPackageMetaData  error for dt~assert { Error: ENOENT: no such file or directory, open '/Users/tomi/Github/packages/apollo-module-authentication/src/dt~assert'
13 silly fetchPackageMetaData     at Error (native)
13 silly fetchPackageMetaData   errno: -2,
13 silly fetchPackageMetaData   code: 'ENOENT',
13 silly fetchPackageMetaData   syscall: 'open',
13 silly fetchPackageMetaData   path: '/Users/tomi/Github/packages/apollo-module-authentication/src/dt~assert' }
14 silly rollbackFailedOptional Starting
15 silly rollbackFailedOptional Finishing
16 silly runTopLevelLifecycles Starting
17 silly runTopLevelLifecycles Finishing
18 silly install printInstalled
19 verbose stack Error: ENOENT: no such file or directory, open '/Users/tomi/Github/packages/apollo-module-authentication/src/dt~assert'
19 verbose stack     at Error (native)
20 verbose cwd /Users/tomi/Github/packages/apollo-module-authentication/src
21 error Darwin 15.6.0
22 error argv "/usr/local/bin/node" "/usr/local/bin/npm" "i" "dt~assert" "--global"
23 error node v6.3.1
24 error npm  v3.10.3
25 error path /Users/tomi/Github/packages/apollo-module-authentication/src/dt~assert
26 error code ENOENT
27 error errno -2
28 error syscall open
29 error enoent ENOENT: no such file or directory, open '/Users/tomi/Github/packages/apollo-module-authentication/src/dt~assert'
30 error enoent ENOENT: no such file or directory, open '/Users/tomi/Github/packages/apollo-module-authentication/src/dt~assert'
30 error enoent This is most likely not a problem with npm itself
30 error enoent and is related to npm not being able to find a file.
31 verbose exit [ -2, true ]
